<!DOCTYPE html>
<html>
<head>
    <title>Unittest Results</title>
    <meta charset="utf-8">
    <meta name="viewport" content="width=device-width, initial-scale=1.0">
    <link rel="stylesheet" href="https://maxcdn.bootstrapcdn.com/bootstrap/3.3.6/css/bootstrap.min.css" integrity="sha384-1q8mTJOASx8j1Au+a5WDVnPi2lkFfwwEAa8hDDdjZlpLegxhjVME1fgjWPGmkzs7" crossorigin="anonymous">
</head>
<body>
    <div class="container">
        <div class="row">
            <div class="col-xs-12">
                <h2 class="text-capitalize">Unittest Results</h2>
                <p class='attribute'><strong>Start Time: </strong>2024-08-05 16:54:57</p>
                <p class='attribute'><strong>Duration: </strong>31.48 s</p>
                <p class='attribute'><strong>Summary: </strong>Total: 2, Pass: 1, Error: 1</p>
            </div>
        </div>
        <div class="row">
            <div class="col-xs-12 col-sm-10 col-md-10">
                <table class='table table-hover table-responsive'>
                    <thead>
                        <tr>
                            <th>__main__.LoginTest</th>
                            <th>Status</th>
                            <th></th>
                        </tr>
                    </thead>
                    <tbody>
                        <tr class='success'>
                            <td class="col-xs-10">test_01_login_valid</td>
                            <td class="col-xs-1">
                                <span class="label label-success" style="display:block;width:40px;">Pass</span>
                            </td>
                            <td class="col-xs-1">
                                <button class="btn btn-default btn-xs">View</button>
                            </td>
                        </tr>
                        <tr style="display:none;">
                            <td class="col-xs-9" colspan="3"><p>Process Completed
</p>
                            </td>
                        </tr>
                        <tr class='warning'>
                            <td class="col-xs-10">test_02_login_invalid_email</td>
                            <td class="col-xs-1">
                                <span class="label label-warning" style="display:block;width:40px;">Error</span>
                            </td>
                            <td class="col-xs-1">
                                <button class="btn btn-default btn-xs">View</button>
                            </td>
                        </tr>
                        <tr style="display:none;">
                            <td class="col-xs-9" colspan="3"><p style="color:maroon;">NoSuchElementException: Message: no such element: Unable to locate element: {"method":"css selector","selector":"[id="Email-error"]"}
  (Session info: chrome=127.0.6533.89); For documentation on this error, please visit: https://www.selenium.dev/documentation/webdriver/troubleshooting/errors#no-such-element-exception
Stacktrace:
	GetHandleVerifier [0x00007FF6858CEEA2+31554]
	(No symbol) [0x00007FF685847ED9]
	(No symbol) [0x00007FF68570872A]
	(No symbol) [0x00007FF685758434]
	(No symbol) [0x00007FF68575853C]
	(No symbol) [0x00007FF68579F6A7]
	(No symbol) [0x00007FF68577D06F]
	(No symbol) [0x00007FF68579C977]
	(No symbol) [0x00007FF68577CDD3]
	(No symbol) [0x00007FF68574A33B]
	(No symbol) [0x00007FF68574AED1]
	GetHandleVerifier [0x00007FF685BD8B1D+3217341]
	GetHandleVerifier [0x00007FF685C25AE3+3532675]
	GetHandleVerifier [0x00007FF685C1B0E0+3489152]
	GetHandleVerifier [0x00007FF68597E776+750614]
	(No symbol) [0x00007FF68585375F]
	(No symbol) [0x00007FF68584EB14]
	(No symbol) [0x00007FF68584ECA2]
	(No symbol) [0x00007FF68583E16F]
	BaseThreadInitThunk [0x00007FFACDB3257D+29]
	RtlUserThreadStart [0x00007FFACEEEAA48+40]
</p><p style="color:maroon;">Traceback (most recent call last):
  File "C:\Users\michaeljohn.roguel\Desktop\selenium_PracticeProject_commerce\Tests\login.py", line 47, in test_02_login_invalid_email
    loginpage.check_invalid_username_message("Please enter a valid email address.")
  File "C:\Users\michaeljohn.roguel\Desktop\selenium_PracticeProject_commerce\Pages\loginPage.py", line 28, in check_invalid_username_message
    msg = self.driver.find_element(By.ID, self.invalid_username_error_msg_id).text(error_msg)
          ^^^^^^^^^^^^^^^^^^^^^^^^^^^^^^^^^^^^^^^^^^^^^^^^^^^^^^^^^^^^^^^^^^^
  File "C:\Users\michaeljohn.roguel\AppData\Local\Programs\Python\Python311\Lib\site-packages\selenium\webdriver\remote\webdriver.py", line 748, in find_element
    return self.execute(Command.FIND_ELEMENT, {"using": by, "value": value})["value"]
           ^^^^^^^^^^^^^^^^^^^^^^^^^^^^^^^^^^^^^^^^^^^^^^^^^^^^^^^^^^^^^^^^^
  File "C:\Users\michaeljohn.roguel\AppData\Local\Programs\Python\Python311\Lib\site-packages\selenium\webdriver\remote\webdriver.py", line 354, in execute
    self.error_handler.check_response(response)
  File "C:\Users\michaeljohn.roguel\AppData\Local\Programs\Python\Python311\Lib\site-packages\selenium\webdriver\remote\errorhandler.py", line 229, in check_response
    raise exception_class(message, screen, stacktrace)
selenium.common.exceptions.NoSuchElementException: Message: no such element: Unable to locate element: {"method":"css selector","selector":"[id="Email-error"]"}
  (Session info: chrome=127.0.6533.89); For documentation on this error, please visit: https://www.selenium.dev/documentation/webdriver/troubleshooting/errors#no-such-element-exception
Stacktrace:
	GetHandleVerifier [0x00007FF6858CEEA2+31554]
	(No symbol) [0x00007FF685847ED9]
	(No symbol) [0x00007FF68570872A]
	(No symbol) [0x00007FF685758434]
	(No symbol) [0x00007FF68575853C]
	(No symbol) [0x00007FF68579F6A7]
	(No symbol) [0x00007FF68577D06F]
	(No symbol) [0x00007FF68579C977]
	(No symbol) [0x00007FF68577CDD3]
	(No symbol) [0x00007FF68574A33B]
	(No symbol) [0x00007FF68574AED1]
	GetHandleVerifier [0x00007FF685BD8B1D+3217341]
	GetHandleVerifier [0x00007FF685C25AE3+3532675]
	GetHandleVerifier [0x00007FF685C1B0E0+3489152]
	GetHandleVerifier [0x00007FF68597E776+750614]
	(No symbol) [0x00007FF68585375F]
	(No symbol) [0x00007FF68584EB14]
	(No symbol) [0x00007FF68584ECA2]
	(No symbol) [0x00007FF68583E16F]
	BaseThreadInitThunk [0x00007FFACDB3257D+29]
	RtlUserThreadStart [0x00007FFACEEEAA48+40]

</p>
                            </td>
                        </tr>
                        <tr>
                            <td colspan="3">
                                Total: 2, Pass: 1, Error: 1 -- Duration: 31.48 s
                            </td>
                        </tr>
                    </tbody>
                </table>
            </div>
        </div>
    </div>
    <script src="https://ajax.googleapis.com/ajax/libs/jquery/2.2.4/jquery.min.js"></script>
    <script type="text/javascript">
        $(document).ready(function(){
            $('td').on('click', '.btn', function(e){
                e.preventDefault();
                e.stopImmediatePropagation();
                var $this = $(this);
                var $nextRow = $this.closest('tr').next('tr');
                $nextRow.slideToggle("fast");
                $this.text(function(i, text){
                    if (text === 'View') {
                        return 'Hide';
                    } else {
                        return 'View';
                    };
                });
            });
        });
    </script>
</body>
</html