<!DOCTYPE html>
<html>
<head>
    <title>Unittest Results</title>
    <meta charset="utf-8">
    <meta name="viewport" content="width=device-width, initial-scale=1.0">
    <link rel="stylesheet" href="https://maxcdn.bootstrapcdn.com/bootstrap/3.3.6/css/bootstrap.min.css" integrity="sha384-1q8mTJOASx8j1Au+a5WDVnPi2lkFfwwEAa8hDDdjZlpLegxhjVME1fgjWPGmkzs7" crossorigin="anonymous">
</head>
<body>
    <div class="container">
        <div class="row">
            <div class="col-xs-12">
                <h2 class="text-capitalize">Unittest Results</h2>
                <p class='attribute'><strong>Start Time: </strong>2024-08-06 14:22:20</p>
                <p class='attribute'><strong>Duration: </strong>52.43 s</p>
                <p class='attribute'><strong>Summary: </strong>Total: 3, Pass: 2, Error: 1</p>
            </div>
        </div>
        <div class="row">
            <div class="col-xs-12 col-sm-10 col-md-10">
                <table class='table table-hover table-responsive'>
                    <thead>
                        <tr>
                            <th>__main__.LoginTest</th>
                            <th>Status</th>
                            <th></th>
                        </tr>
                    </thead>
                    <tbody>
                        <tr class='success'>
                            <td class="col-xs-10">test_01_check_title</td>
                            <td class="col-xs-1">
                                <span class="label label-success" style="display:block;width:40px;">Pass</span>
                            </td>
                            <td class="col-xs-1">
                                <button class="btn btn-default btn-xs">View</button>
                            </td>
                        </tr>
                        <tr style="display:none;">
                            <td class="col-xs-9" colspan="3"><p>Process Completed
</p>
                            </td>
                        </tr>
                        <tr class='success'>
                            <td class="col-xs-10">test_02_login_valid</td>
                            <td class="col-xs-1">
                                <span class="label label-success" style="display:block;width:40px;">Pass</span>
                            </td>
                            <td class="col-xs-1">
                                <button class="btn btn-default btn-xs">View</button>
                            </td>
                        </tr>
                        <tr style="display:none;">
                            <td class="col-xs-9" colspan="3"><p>Process Completed
</p>
                            </td>
                        </tr>
                        <tr class='warning'>
                            <td class="col-xs-10">test_04_download_pdf_jewelry</td>
                            <td class="col-xs-1">
                                <span class="label label-warning" style="display:block;width:40px;">Error</span>
                            </td>
                            <td class="col-xs-1">
                                <button class="btn btn-default btn-xs">View</button>
                            </td>
                        </tr>
                        <tr style="display:none;">
                            <td class="col-xs-9" colspan="3"><p style="color:maroon;">NoSuchElementException: Message: no such element: Unable to locate element: {"method":"css selector","selector":"[id="attribute"]"}
  (Session info: chrome=127.0.6533.89); For documentation on this error, please visit: https://www.selenium.dev/documentation/webdriver/troubleshooting/errors#no-such-element-exception
Stacktrace:
	GetHandleVerifier [0x00007FF612FDEEA2+31554]
	(No symbol) [0x00007FF612F57ED9]
	(No symbol) [0x00007FF612E1872A]
	(No symbol) [0x00007FF612E68434]
	(No symbol) [0x00007FF612E6853C]
	(No symbol) [0x00007FF612EAF6A7]
	(No symbol) [0x00007FF612E8D06F]
	(No symbol) [0x00007FF612EAC977]
	(No symbol) [0x00007FF612E8CDD3]
	(No symbol) [0x00007FF612E5A33B]
	(No symbol) [0x00007FF612E5AED1]
	GetHandleVerifier [0x00007FF6132E8B1D+3217341]
	GetHandleVerifier [0x00007FF613335AE3+3532675]
	GetHandleVerifier [0x00007FF61332B0E0+3489152]
	GetHandleVerifier [0x00007FF61308E776+750614]
	(No symbol) [0x00007FF612F6375F]
	(No symbol) [0x00007FF612F5EB14]
	(No symbol) [0x00007FF612F5ECA2]
	(No symbol) [0x00007FF612F4E16F]
	BaseThreadInitThunk [0x00007FFAF544257D+29]
	RtlUserThreadStart [0x00007FFAF67CAA48+40]
</p><p style="color:maroon;">Traceback (most recent call last):
  File "C:\Users\michaeljohn.roguel\Desktop\selenium_PracticeProject_commerce\Tests\login.py", line 65, in test_04_download_pdf_jewelry
    homepage.download_product_jewelry_as_pdf()
  File "C:\Users\michaeljohn.roguel\Desktop\selenium_PracticeProject_commerce\Pages\homePage.py", line 25, in download_product_jewelry_as_pdf
    select_web = self.driver.find_element(By.ID, 'attribute')
                 ^^^^^^^^^^^^^^^^^^^^^^^^^^^^^^^^^^^^^^^^^^^^
  File "C:\Users\michaeljohn.roguel\AppData\Local\Programs\Python\Python311\Lib\site-packages\selenium\webdriver\remote\webdriver.py", line 748, in find_element
    return self.execute(Command.FIND_ELEMENT, {"using": by, "value": value})["value"]
           ^^^^^^^^^^^^^^^^^^^^^^^^^^^^^^^^^^^^^^^^^^^^^^^^^^^^^^^^^^^^^^^^^
  File "C:\Users\michaeljohn.roguel\AppData\Local\Programs\Python\Python311\Lib\site-packages\selenium\webdriver\remote\webdriver.py", line 354, in execute
    self.error_handler.check_response(response)
  File "C:\Users\michaeljohn.roguel\AppData\Local\Programs\Python\Python311\Lib\site-packages\selenium\webdriver\remote\errorhandler.py", line 229, in check_response
    raise exception_class(message, screen, stacktrace)
selenium.common.exceptions.NoSuchElementException: Message: no such element: Unable to locate element: {"method":"css selector","selector":"[id="attribute"]"}
  (Session info: chrome=127.0.6533.89); For documentation on this error, please visit: https://www.selenium.dev/documentation/webdriver/troubleshooting/errors#no-such-element-exception
Stacktrace:
	GetHandleVerifier [0x00007FF612FDEEA2+31554]
	(No symbol) [0x00007FF612F57ED9]
	(No symbol) [0x00007FF612E1872A]
	(No symbol) [0x00007FF612E68434]
	(No symbol) [0x00007FF612E6853C]
	(No symbol) [0x00007FF612EAF6A7]
	(No symbol) [0x00007FF612E8D06F]
	(No symbol) [0x00007FF612EAC977]
	(No symbol) [0x00007FF612E8CDD3]
	(No symbol) [0x00007FF612E5A33B]
	(No symbol) [0x00007FF612E5AED1]
	GetHandleVerifier [0x00007FF6132E8B1D+3217341]
	GetHandleVerifier [0x00007FF613335AE3+3532675]
	GetHandleVerifier [0x00007FF61332B0E0+3489152]
	GetHandleVerifier [0x00007FF61308E776+750614]
	(No symbol) [0x00007FF612F6375F]
	(No symbol) [0x00007FF612F5EB14]
	(No symbol) [0x00007FF612F5ECA2]
	(No symbol) [0x00007FF612F4E16F]
	BaseThreadInitThunk [0x00007FFAF544257D+29]
	RtlUserThreadStart [0x00007FFAF67CAA48+40]

</p>
                            </td>
                        </tr>
                        <tr>
                            <td colspan="3">
                                Total: 3, Pass: 2, Error: 1 -- Duration: 52.43 s
                            </td>
                        </tr>
                    </tbody>
                </table>
            </div>
        </div>
    </div>
    <script src="https://ajax.googleapis.com/ajax/libs/jquery/2.2.4/jquery.min.js"></script>
    <script type="text/javascript">
        $(document).ready(function(){
            $('td').on('click', '.btn', function(e){
                e.preventDefault();
                e.stopImmediatePropagation();
                var $this = $(this);
                var $nextRow = $this.closest('tr').next('tr');
                $nextRow.slideToggle("fast");
                $this.text(function(i, text){
                    if (text === 'View') {
                        return 'Hide';
                    } else {
                        return 'View';
                    };
                });
            });
        });
    </script>
</body>
</html